..\..\Build\Win32\TrafficControllerD.ilk
..\..\Build\Win32\TrafficControllerD.pdb
C:\USERS\WILDS\DESKTOP\TRAFFICSIM\BUILD\WIN32\TRAFFICCONTROLLERD.EXE
C:\USERS\WILDS\DESKTOP\TRAFFICSIM\BUILD\WIN32\TRAFFICCONTROLLERD.ILK
C:\USERS\WILDS\DESKTOP\TRAFFICSIM\BUILD\WIN32\TRAFFICCONTROLLERD.PDB
C:\Users\Wilds\Desktop\TrafficSim\Project\MVS2010\..\..\Build\Win32\TrafficControllerD.exe
C:\Users\Wilds\Desktop\TrafficSim\Project\MVS2010\Interm\cl.command.1.tlog
C:\Users\Wilds\Desktop\TrafficSim\Project\MVS2010\Interm\CL.read.1.tlog
C:\Users\Wilds\Desktop\TrafficSim\Project\MVS2010\Interm\CL.write.1.tlog
C:\Users\Wilds\Desktop\TrafficSim\Project\MVS2010\Interm\link.220.read.1.tlog
C:\Users\Wilds\Desktop\TrafficSim\Project\MVS2010\Interm\link.220.write.1.tlog
C:\Users\Wilds\Desktop\TrafficSim\Project\MVS2010\Interm\link.220-cvtres.read.1.tlog
C:\Users\Wilds\Desktop\TrafficSim\Project\MVS2010\Interm\link.220-cvtres.write.1.tlog
C:\Users\Wilds\Desktop\TrafficSim\Project\MVS2010\Interm\link.command.1.tlog
C:\Users\Wilds\Desktop\TrafficSim\Project\MVS2010\Interm\link.read.1.tlog
C:\Users\Wilds\Desktop\TrafficSim\Project\MVS2010\Interm\link.write.1.tlog
C:\Users\Wilds\Desktop\TrafficSim\Project\MVS2010\Interm\link-cvtres.read.1.tlog
C:\Users\Wilds\Desktop\TrafficSim\Project\MVS2010\Interm\link-cvtres.write.1.tlog
C:\USERS\WILDS\DESKTOP\TRAFFICSIM\PROJECT\MVS2010\INTERM\MAIN.OBJ
C:\Users\Wilds\Desktop\TrafficSim\Project\MVS2010\Interm\mt.command.1.tlog
C:\Users\Wilds\Desktop\TrafficSim\Project\MVS2010\Interm\mt.read.1.tlog
C:\Users\Wilds\Desktop\TrafficSim\Project\MVS2010\Interm\mt.write.1.tlog
C:\Users\Wilds\Desktop\TrafficSim\Project\MVS2010\Interm\rc.command.1.tlog
C:\Users\Wilds\Desktop\TrafficSim\Project\MVS2010\Interm\rc.read.1.tlog
C:\Users\Wilds\Desktop\TrafficSim\Project\MVS2010\Interm\rc.write.1.tlog
C:\USERS\WILDS\DESKTOP\TRAFFICSIM\PROJECT\MVS2010\INTERM\TRAFFICCONTROLLERD.EXE.EMBED.MANIFEST
C:\USERS\WILDS\DESKTOP\TRAFFICSIM\PROJECT\MVS2010\INTERM\TRAFFICCONTROLLERD.EXE.EMBED.MANIFEST.RES
C:\USERS\WILDS\DESKTOP\TRAFFICSIM\PROJECT\MVS2010\INTERM\TRAFFICCONTROLLERD.EXE.INTERMEDIATE.MANIFEST
C:\Users\Wilds\Desktop\TrafficSim\Project\MVS2010\Interm\TrafficControllerD_manifest.rc
C:\Users\Wilds\Desktop\TrafficSim\Project\MVS2010\Interm\vc100.idb
C:\USERS\WILDS\DESKTOP\TRAFFICSIM\PROJECT\MVS2010\INTERM\VC100.PDB
