..\..\Build\Win32\TrafficSimulatorD.ilk
..\..\Build\Win32\TrafficSimulatorD.pdb
C:\USERS\WILDS\DESKTOP\TRAFFICSIMULATOR\BUILD\WIN32\TRAFFICSIMULATORD.EXE
C:\USERS\WILDS\DESKTOP\TRAFFICSIMULATOR\BUILD\WIN32\TRAFFICSIMULATORD.ILK
C:\Users\Wilds\Desktop\TrafficSimulator\Project\MVS2010\..\..\Build\Win32\TrafficSimulatorD.exe
C:\Users\Wilds\Desktop\TrafficSimulator\Project\MVS2010\Interm\cl.command.1.tlog
C:\Users\Wilds\Desktop\TrafficSimulator\Project\MVS2010\Interm\CL.read.1.tlog
C:\Users\Wilds\Desktop\TrafficSimulator\Project\MVS2010\Interm\CL.write.1.tlog
C:\Users\Wilds\Desktop\TrafficSimulator\Project\MVS2010\Interm\link.5104.read.1.tlog
C:\Users\Wilds\Desktop\TrafficSimulator\Project\MVS2010\Interm\link.5104.write.1.tlog
C:\Users\Wilds\Desktop\TrafficSimulator\Project\MVS2010\Interm\link.5104-cvtres.read.1.tlog
C:\Users\Wilds\Desktop\TrafficSimulator\Project\MVS2010\Interm\link.5104-cvtres.write.1.tlog
C:\Users\Wilds\Desktop\TrafficSimulator\Project\MVS2010\Interm\link.command.1.tlog
C:\Users\Wilds\Desktop\TrafficSimulator\Project\MVS2010\Interm\link.read.1.tlog
C:\Users\Wilds\Desktop\TrafficSimulator\Project\MVS2010\Interm\link.write.1.tlog
C:\Users\Wilds\Desktop\TrafficSimulator\Project\MVS2010\Interm\link-cvtres.read.1.tlog
C:\Users\Wilds\Desktop\TrafficSimulator\Project\MVS2010\Interm\link-cvtres.write.1.tlog
C:\USERS\WILDS\DESKTOP\TRAFFICSIMULATOR\PROJECT\MVS2010\INTERM\MAIN.OBJ
C:\Users\Wilds\Desktop\TrafficSimulator\Project\MVS2010\Interm\mt.command.1.tlog
C:\Users\Wilds\Desktop\TrafficSimulator\Project\MVS2010\Interm\mt.read.1.tlog
C:\Users\Wilds\Desktop\TrafficSimulator\Project\MVS2010\Interm\mt.write.1.tlog
C:\Users\Wilds\Desktop\TrafficSimulator\Project\MVS2010\Interm\rc.command.1.tlog
C:\Users\Wilds\Desktop\TrafficSimulator\Project\MVS2010\Interm\rc.read.1.tlog
C:\Users\Wilds\Desktop\TrafficSimulator\Project\MVS2010\Interm\rc.write.1.tlog
C:\Users\Wilds\Desktop\TrafficSimulator\Project\MVS2010\Interm\TrafficControllerD.exe.embed.manifest
C:\USERS\WILDS\DESKTOP\TRAFFICSIMULATOR\PROJECT\MVS2010\INTERM\TRAFFICCONTROLLERD.EXE.EMBED.MANIFEST.RES
C:\Users\Wilds\Desktop\TrafficSimulator\Project\MVS2010\Interm\TrafficControllerD.exe.intermediate.manifest
C:\Users\Wilds\Desktop\TrafficSimulator\Project\MVS2010\Interm\TrafficControllerD_manifest.rc
C:\USERS\WILDS\DESKTOP\TRAFFICSIMULATOR\PROJECT\MVS2010\INTERM\TRAFFICSIMULATORD.EXE.EMBED.MANIFEST
C:\USERS\WILDS\DESKTOP\TRAFFICSIMULATOR\PROJECT\MVS2010\INTERM\TRAFFICSIMULATORD.EXE.EMBED.MANIFEST.RES
C:\USERS\WILDS\DESKTOP\TRAFFICSIMULATOR\PROJECT\MVS2010\INTERM\TRAFFICSIMULATORD.EXE.INTERMEDIATE.MANIFEST
C:\USERS\WILDS\DESKTOP\TRAFFICSIMULATOR\PROJECT\MVS2010\INTERM\TRAFFICSIMULATORD.PDB
C:\Users\Wilds\Desktop\TrafficSimulator\Project\MVS2010\Interm\TrafficSimulatorD_manifest.rc
C:\Users\Wilds\Desktop\TrafficSimulator\Project\MVS2010\Interm\vc100.idb
C:\USERS\WILDS\DESKTOP\TRAFFICSIMULATOR\PROJECT\MVS2010\INTERM\VC100.PDB
